<?xml version="1.0" encoding="UTF-8"?>
<!-- Generated by org.testng.reporters.JUnitReportReporter -->
<testsuite skipped="0" hostname="BDC7-D-GVQ3RG2" name="NewTest" tests="1" failures="0" timestamp="23 May 2018 05:47:56 GMT" time="240.705" errors="0">
  <testcase name="webdrivertestie" time="240.705" classname="NewTest"/>
</testsuite> <!-- NewTest -->
